# JRE version: 7.0_21-b11
# Java VM: Java HotSpot(TM) 64-Bit Server VM (23.21-b01 mixed mode windows-amd64 compressed oops)
Heap
 PSYoungGen      total 316608K, used 252081K [0x00000000eb600000, 0x0000000100000000, 0x0000000100000000)
  eden space 294784K, 85% used [0x00000000eb600000,0x00000000fac2c7f8,0x00000000fd5e0000)
  from space 21824K, 0% used [0x00000000feab0000,0x00000000feab0000,0x0000000100000000)
  to   space 21312K, 0% used [0x00000000fd5e0000,0x00000000fd5e0000,0x00000000feab0000)
 ParOldGen       total 60736K, used 27383K [0x00000000c2200000, 0x00000000c5d50000, 0x00000000eb600000)
  object space 60736K, 45% used [0x00000000c2200000,0x00000000c3cbdfe0,0x00000000c5d50000)
 PSPermGen       total 83968K, used 50498K [0x00000000bd000000, 0x00000000c2200000, 0x00000000c2200000)
  object space 83968K, 60% used [0x00000000bd000000,0x00000000c0150a10,0x00000000c2200000)
GC Heap History (10 events):
Event: 7.032 GC heap before
{Heap before GC invocations=7 (full 0):
 PSYoungGen      total 136448K, used 134021K [0x00000000eb600000, 0x00000000f4540000, 0x0000000100000000)
  eden space 126784K, 100% used [0x00000000eb600000,0x00000000f31d0000,0x00000000f31d0000)
  from space 9664K, 74% used [0x00000000f3b70000,0x00000000f4281480,0x00000000f44e0000)
  to   space 9856K, 0% used [0x00000000f31d0000,0x00000000f31d0000,0x00000000f3b70000)
 ParOldGen       total 42240K, used 16302K [0x00000000c2200000, 0x00000000c4b40000, 0x00000000eb600000)
  object space 42240K, 38% used [0x00000000c2200000,0x00000000c31ebab0,0x00000000c4b40000)
 PSPermGen       total 28928K, used 28791K [0x00000000bd000000, 0x00000000bec40000, 0x00000000c2200000)
  object space 28928K, 99% used [0x00000000bd000000,0x00000000bec1ddd0,0x00000000bec40000)
Event: 7.085 GC heap after
Heap after GC invocations=7 (full 0):
 PSYoungGen      total 136640K, used 9847K [0x00000000eb600000, 0x00000000fc560000, 0x0000000100000000)
  eden space 126784K, 0% used [0x00000000eb600000,0x00000000eb600000,0x00000000f31d0000)
  from space 9856K, 99% used [0x00000000f31d0000,0x00000000f3b6df48,0x00000000f3b70000)
  to   space 12160K, 0% used [0x00000000fb980000,0x00000000fb980000,0x00000000fc560000)
 ParOldGen       total 42240K, used 18217K [0x00000000c2200000, 0x00000000c4b40000, 0x00000000eb600000)
  object space 42240K, 43% used [0x00000000c2200000,0x00000000c33ca6b8,0x00000000c4b40000)
 PSPermGen       total 28928K, used 28791K [0x00000000bd000000, 0x00000000bec40000, 0x00000000c2200000)
  object space 28928K, 99% used [0x00000000bd000000,0x00000000bec1ddd0,0x00000000bec40000)
}
Event: 9.123 GC heap before
{Heap before GC invocations=8 (full 0):
 PSYoungGen      total 136640K, used 136631K [0x00000000eb600000, 0x00000000fc560000, 0x0000000100000000)
  eden space 126784K, 100% used [0x00000000eb600000,0x00000000f31d0000,0x00000000f31d0000)
  from space 9856K, 99% used [0x00000000f31d0000,0x00000000f3b6df48,0x00000000f3b70000)
  to   space 12160K, 0% used [0x00000000fb980000,0x00000000fb980000,0x00000000fc560000)
 ParOldGen       total 42240K, used 18217K [0x00000000c2200000, 0x00000000c4b40000, 0x00000000eb600000)
  object space 42240K, 43% used [0x00000000c2200000,0x00000000c33ca6b8,0x00000000c4b40000)
 PSPermGen       total 32192K, used 32027K [0x00000000bd000000, 0x00000000bef70000, 0x00000000c2200000)
  object space 32192K, 99% used [0x00000000bd000000,0x00000000bef46f40,0x00000000bef70000)
Event: 9.178 GC heap after
Heap after GC invocations=8 (full 0):
 PSYoungGen      total 262400K, used 12147K [0x00000000eb600000, 0x00000000fcbe0000, 0x0000000100000000)
  eden space 250240K, 0% used [0x00000000eb600000,0x00000000eb600000,0x00000000faa60000)
  from space 12160K, 99% used [0x00000000fb980000,0x00000000fc55cf98,0x00000000fc560000)
  to   space 15488K, 0% used [0x00000000faa60000,0x00000000faa60000,0x00000000fb980000)
 ParOldGen       total 42240K, used 21915K [0x00000000c2200000, 0x00000000c4b40000, 0x00000000eb600000)
  object space 42240K, 51% used [0x00000000c2200000,0x00000000c3766da8,0x00000000c4b40000)
 PSPermGen       total 32192K, used 32027K [0x00000000bd000000, 0x00000000bef70000, 0x00000000c2200000)
  object space 32192K, 99% used [0x00000000bd000000,0x00000000bef46f40,0x00000000bef70000)
}
Event: 13.829 GC heap before
{Heap before GC invocations=9 (full 0):
 PSYoungGen      total 262400K, used 262387K [0x00000000eb600000, 0x00000000fcbe0000, 0x0000000100000000)
  eden space 250240K, 100% used [0x00000000eb600000,0x00000000faa60000,0x00000000faa60000)
  from space 12160K, 99% used [0x00000000fb980000,0x00000000fc55cf98,0x00000000fc560000)
  to   space 15488K, 0% used [0x00000000faa60000,0x00000000faa60000,0x00000000fb980000)
 ParOldGen       total 42240K, used 21915K [0x00000000c2200000, 0x00000000c4b40000, 0x00000000eb600000)
  object space 42240K, 51% used [0x00000000c2200000,0x00000000c3766da8,0x00000000c4b40000)
 PSPermGen       total 43328K, used 43143K [0x00000000bd000000, 0x00000000bfa50000, 0x00000000c2200000)
  object space 43328K, 99% used [0x00000000bd000000,0x00000000bfa21d88,0x00000000bfa50000)
Event: 13.906 GC heap after
Heap after GC invocations=9 (full 0):
 PSYoungGen      total 265728K, used 15476K [0x00000000eb600000, 0x0000000100000000, 0x0000000100000000)
  eden space 250240K, 0% used [0x00000000eb600000,0x00000000eb600000,0x00000000faa60000)
  from space 15488K, 99% used [0x00000000faa60000,0x00000000fb97d0d8,0x00000000fb980000)
  to   space 21824K, 0% used [0x00000000feab0000,0x00000000feab0000,0x0000000100000000)
 ParOldGen       total 42240K, used 32179K [0x00000000c2200000, 0x00000000c4b40000, 0x00000000eb600000)
  object space 42240K, 76% used [0x00000000c2200000,0x00000000c416cde8,0x00000000c4b40000)
 PSPermGen       total 43328K, used 43143K [0x00000000bd000000, 0x00000000bfa50000, 0x00000000c2200000)
  object space 43328K, 99% used [0x00000000bd000000,0x00000000bfa21d88,0x00000000bfa50000)
}
Event: 31.148 GC heap before
{Heap before GC invocations=10 (full 0):
 PSYoungGen      total 265728K, used 265716K [0x00000000eb600000, 0x0000000100000000, 0x0000000100000000)
  eden space 250240K, 100% used [0x00000000eb600000,0x00000000faa60000,0x00000000faa60000)
  from space 15488K, 99% used [0x00000000faa60000,0x00000000fb97d0d8,0x00000000fb980000)
  to   space 21824K, 0% used [0x00000000feab0000,0x00000000feab0000,0x0000000100000000)
 ParOldGen       total 42240K, used 32179K [0x00000000c2200000, 0x00000000c4b40000, 0x00000000eb600000)
  object space 42240K, 76% used [0x00000000c2200000,0x00000000c416cde8,0x00000000c4b40000)
 PSPermGen       total 46976K, used 46874K [0x00000000bd000000, 0x00000000bfde0000, 0x00000000c2200000)
  object space 46976K, 99% used [0x00000000bd000000,0x00000000bfdc6bb8,0x00000000bfde0000)
Event: 31.212 GC heap after
Heap after GC invocations=10 (full 0):
 PSYoungGen      total 316608K, used 11804K [0x00000000eb600000, 0x0000000100000000, 0x0000000100000000)
  eden space 294784K, 0% used [0x00000000eb600000,0x00000000eb600000,0x00000000fd5e0000)
  from space 21824K, 54% used [0x00000000feab0000,0x00000000ff6371a8,0x0000000100000000)
  to   space 21312K, 0% used [0x00000000fd5e0000,0x00000000fd5e0000,0x00000000feab0000)
 ParOldGen       total 42240K, used 36916K [0x00000000c2200000, 0x00000000c4b40000, 0x00000000eb600000)
  object space 42240K, 87% used [0x00000000c2200000,0x00000000c460d178,0x00000000c4b40000)
 PSPermGen       total 46976K, used 46874K [0x00000000bd000000, 0x00000000bfde0000, 0x00000000c2200000)
  object space 46976K, 99% used [0x00000000bd000000,0x00000000bfdc6bb8,0x00000000bfde0000)
}
Event: 31.230 GC heap before
{Heap before GC invocations=11 (full 1):
 PSYoungGen      total 316608K, used 11804K [0x00000000eb600000, 0x0000000100000000, 0x0000000100000000)
  eden space 294784K, 0% used [0x00000000eb600000,0x00000000eb600000,0x00000000fd5e0000)
  from space 21824K, 54% used [0x00000000feab0000,0x00000000ff6371a8,0x0000000100000000)
  to   space 21312K, 0% used [0x00000000fd5e0000,0x00000000fd5e0000,0x00000000feab0000)
 ParOldGen       total 42240K, used 36916K [0x00000000c2200000, 0x00000000c4b40000, 0x00000000eb600000)
  object space 42240K, 87% used [0x00000000c2200000,0x00000000c460d178,0x00000000c4b40000)
 PSPermGen       total 46976K, used 46874K [0x00000000bd000000, 0x00000000bfde0000, 0x00000000c2200000)
  object space 46976K, 99% used [0x00000000bd000000,0x00000000bfdc6bb8,0x00000000bfde0000)
Event: 31.914 GC heap after
Heap after GC invocations=11 (full 1):
 PSYoungGen      total 316608K, used 0K [0x00000000eb600000, 0x0000000100000000, 0x0000000100000000)
  eden space 294784K, 0% used [0x00000000eb600000,0x00000000eb600000,0x00000000fd5e0000)
  from space 21824K, 0% used [0x00000000feab0000,0x00000000feab0000,0x0000000100000000)
  to   space 21312K, 0% used [0x00000000fd5e0000,0x00000000fd5e0000,0x00000000feab0000)
 ParOldGen       total 60736K, used 27383K [0x00000000c2200000, 0x00000000c5d50000, 0x00000000eb600000)
  object space 60736K, 45% used [0x00000000c2200000,0x00000000c3cbdfe0,0x00000000c5d50000)
 PSPermGen       total 83968K, used 46851K [0x00000000bd000000, 0x00000000c2200000, 0x00000000c2200000)
  object space 83968K, 55% used [0x00000000bd000000,0x00000000bfdc0fc8,0x00000000c2200000)
}

